----------|---------|----------|---------|---------|-------------------------------------------------------
File      | % Stmts | % Branch | % Funcs | % Lines | Uncovered Line #s                                     
----------|---------|----------|---------|---------|-------------------------------------------------------
All files |   47.62 |        0 |      30 |   47.47 |                                                       
 app.js   |   47.62 |        0 |      30 |   47.47 | 19,34-35,64-68,74-102,113-126,130-131,136-144,150-158 
----------|---------|----------|---------|---------|-------------------------------------------------------
